<?xml version="1.0" encoding="UTF-8" ?>
<testsuite tests="8" failures="0" name="com.nju.edu.sprite.CalabashTest" time="0.016" errors="0" skipped="0">
  <properties>
[...]
</properties>
  <testcase classname="com.nju.edu.sprite.CalabashTest" name="moveUpTest" time="0.005"/>
  <testcase classname="com.nju.edu.sprite.CalabashTest" name="CDSkillTest" time="0.001"/>
  <testcase classname="com.nju.edu.sprite.CalabashTest" name="moveSkillTest" time="0.001"/>
  <testcase classname="com.nju.edu.sprite.CalabashTest" name="moveRightTest" time="0.008"/>
  <testcase classname="com.nju.edu.sprite.CalabashTest" name="bulletTest" time="0.001"/>
  <testcase classname="com.nju.edu.sprite.CalabashTest" name="recoverTest" time="0"/>
  <testcase classname="com.nju.edu.sprite.CalabashTest" name="moveDownTest" time="0"/>
  <testcase classname="com.nju.edu.sprite.CalabashTest" name="moveLeftTest" time="0"/>
</testsuite>